\BOOKMARK [0][-]{chapter.1}{Introduction}{}% 1
\BOOKMARK [0][-]{chapter.2}{Description of ACT-R}{}% 2
\BOOKMARK [1][-]{section.2.1}{Procedural and Declarative Knowledge}{chapter.2}% 3
\BOOKMARK [2][-]{subsection.2.1.1}{Modular organization}{section.2.1}% 4
\BOOKMARK [2][-]{subsection.2.1.2}{Declarative Knowledge}{section.2.1}% 5
\BOOKMARK [3][-]{section*.3}{Buffers}{subsection.2.1.2}% 6
\BOOKMARK [2][-]{subsection.2.1.3}{Procedural Knowledge}{section.2.1}% 7
\BOOKMARK [3][-]{section*.4}{Description of Procedural Actions}{subsection.2.1.3}% 8
\BOOKMARK [3][-]{section*.5}{Chunks as Central Data Structure}{subsection.2.1.3}% 9
\BOOKMARK [3][-]{section*.6}{Process of Rule Selection and Execution}{subsection.2.1.3}% 10
\BOOKMARK [2][-]{subsection.2.1.4}{Goal Module}{section.2.1}% 11
\BOOKMARK [3][-]{section*.7}{Working memory}{subsection.2.1.4}% 12
\BOOKMARK [2][-]{subsection.2.1.5}{Other Modules}{section.2.1}% 13
\BOOKMARK [3][-]{section*.8}{The Outside World}{subsection.2.1.5}% 14
\BOOKMARK [3][-]{section*.10}{The Imaginal Module}{subsection.2.1.5}% 15
\BOOKMARK [2][-]{subsection.2.1.6}{Example}{section.2.1}% 16
\BOOKMARK [1][-]{section.2.2}{Serial and Parallel Aspects of ACT-R}{chapter.2}% 17
\BOOKMARK [1][-]{section.2.3}{Subsymbolic layer}{chapter.2}% 18
\BOOKMARK [2][-]{subsection.2.3.1}{Activation of Chunks}{section.2.3}% 19
\BOOKMARK [3][-]{section*.11}{Base-Level Activation}{subsection.2.3.1}% 20
\BOOKMARK [3][-]{section*.12}{Activation Spreading}{subsection.2.3.1}% 21
\BOOKMARK [3][-]{section*.14}{Latency of Retrieval}{subsection.2.3.1}% 22
\BOOKMARK [2][-]{subsection.2.3.2}{Production Utility}{section.2.3}% 23
\BOOKMARK [1][-]{section.2.4}{Learning}{chapter.2}% 24
\BOOKMARK [0][-]{chapter.3}{Constraint Handling Rules}{}% 25
\BOOKMARK [0][-]{chapter.4}{Transformation of ACT-R to CHR}{}% 26
\BOOKMARK [1][-]{section.4.1}{Chunk Stores}{chapter.4}% 27
\BOOKMARK [2][-]{subsection.4.1.1}{Formal Representation of Chunks}{section.4.1}% 28
\BOOKMARK [2][-]{subsection.4.1.2}{Representation of Chunks in CHR}{section.4.1}% 29
\BOOKMARK [3][-]{section*.15}{Simple Implementation of the Default Methods}{subsection.4.1.2}% 30
\BOOKMARK [3][-]{section*.16}{Checking Type-Consistency}{subsection.4.1.2}% 31
\BOOKMARK [1][-]{section.4.2}{Procedural Module}{chapter.4}% 32
\BOOKMARK [2][-]{subsection.4.2.1}{Buffer System}{section.4.2}% 33
\BOOKMARK [3][-]{section*.17}{Destructive Assignment and Consistency}{subsection.4.2.1}% 34
\BOOKMARK [3][-]{section*.18}{Buffer States}{subsection.4.2.1}% 35
\BOOKMARK [2][-]{subsection.4.2.2}{Production Rules}{section.4.2}% 36
\BOOKMARK [1][-]{section.4.3}{Modular Organization}{chapter.4}% 37
\BOOKMARK [1][-]{section.4.4}{Declarative Module}{chapter.4}% 38
\BOOKMARK [2][-]{subsection.4.4.1}{Retrieval Requests}{section.4.4}% 39
\BOOKMARK [1][-]{section.4.5}{Timing in ACT-R}{chapter.4}% 40
\BOOKMARK [2][-]{subsection.4.5.1}{Priority Queue}{section.4.5}% 41
\BOOKMARK [1][-]{section.4.6}{Subsymbolic Layer}{chapter.4}% 42
\BOOKMARK [2][-]{subsection.4.6.1}{Activation of Chunks}{section.4.6}% 43
\BOOKMARK [2][-]{subsection.4.6.2}{Production Utility}{section.4.6}% 44
\BOOKMARK [0][-]{chapter.5}{Compiler}{}% 45
\BOOKMARK [0][-]{chapter.6}{Example Models}{}% 46
\BOOKMARK [1][-]{section.6.1}{The Counting Model}{chapter.6}% 47
\BOOKMARK [1][-]{section.6.2}{The Addition Model}{chapter.6}% 48
\BOOKMARK [1][-]{section.6.3}{The Semantic Model}{chapter.6}% 49
\BOOKMARK [1][-]{section.6.4}{The Fan Model}{chapter.6}% 50
\BOOKMARK [0][-]{chapter.7}{Conclusion}{}% 51
\BOOKMARK [1][-]{section.7.1}{Inventory: What does already work?}{chapter.7}% 52
\BOOKMARK [1][-]{section.7.2}{Future Work}{chapter.7}% 53
\BOOKMARK [0][-]{appendix.A}{Source Codes}{}% 54
\BOOKMARK [0][-]{appendix*.19}{Bibliography}{}% 55
